// 重构日志: fa7dc828
// 重构日志: 99a671df
// 重构日志: d4c20619
// 重构日志: 98cbaf73
// 重构日志: 064dfe98
// 重构日志: a769746d
// 同步 ID: 1ae38255 @ Sat Jun 27 04:09:13 UTC 2026
// 重构日志: 7ca35e82
// 重构日志: f4f697da
// 重构日志: 5cc8836f
// 重构日志: 654c3801
// 同步 ID: 0fd4cdd5 @ Tue Jun 30 13:48:06 UTC 2026
// 重构日志: a9016ef0
// 同步 ID: bd0300dd @ Thu Jul  2 12:12:50 UTC 2026
// 重构日志: ffa1210f
// 重构日志: 022455be
// 同步 ID: 54910cf0 @ Fri Jul  3 15:17:01 UTC 2026
// 重构日志: 47257123
// 重构日志: 2e824248
// 重构日志: 1e0e84ac
// 重构日志: 88e0b8ca
// 重构日志: e03719bb
// 重构日志: a56a8024
// 重构日志: abb97505
// 重构日志: 4afa6e81
// 重构日志: 2bb7b15b
// 重构日志: f8884cc7
// 同步 ID: a4471694 @ Mon Jul 13 14:43:46 UTC 2026
// 同步 ID: f20e67c9 @ Tue Jul 14 09:47:02 UTC 2026
// 同步 ID: 51bf1650 @ Thu Jul 16 07:31:36 UTC 2026
